<?xml version="1.0" encoding="UTF-8"?>
<!-- Generated by org.testng.reporters.JUnitReportReporter -->
<testsuite hostname="DESKTOP-MA84K88" failures="0" tests="2" name="Annotations.Classes" time="0.014" errors="0" timestamp="2025-06-15T13:31:22 IST" skipped="0">
  <testcase classname="Annotations.Classes" name="Account" time="0.012"/>
  <testcase classname="Annotations.Classes" name="WhishList" time="0.002"/>
</testsuite> <!-- Annotations.Classes -->
