<?xml version="1.0" encoding="UTF-8"?>
<!-- Generated by org.testng.reporters.JUnitReportReporter -->
<testsuite hostname="DESKTOP-MA84K88" failures="0" tests="3" name="TestNG.TestAnotation" time="0.028" errors="0" timestamp="2025-06-14T19:17:16 IST" skipped="0">
  <testcase classname="TestNG.TestAnotation" name="Browser" time="0.024"/>
  <testcase classname="TestNG.TestAnotation" name="Login" time="0.002"/>
  <testcase classname="TestNG.TestAnotation" name="Logout" time="0.002"/>
</testsuite> <!-- TestNG.TestAnotation -->
