<?xml version="1.0" encoding="UTF-8"?>
<!-- Generated by org.testng.reporters.JUnitReportReporter -->
<testsuite hostname="DESKTOP-MA84K88" failures="0" tests="2" name="Annotations.Testes_01" time="0.025" errors="0" timestamp="2025-06-15T23:10:41 IST" skipped="0">
  <testcase classname="Annotations.Testes_01" name="Search" time="0.022"/>
  <testcase classname="Annotations.Testes_01" name="Profile" time="0.003"/>
</testsuite> <!-- Annotations.Testes_01 -->
