<?xml version="1.0" encoding="UTF-8"?>
<!-- Generated by org.testng.reporters.JUnitReportReporter -->
<testsuite hostname="DESKTOP-MA84K88" failures="0" tests="2" name="Annotations.Testes" time="8.620" errors="0" timestamp="2025-06-15T15:32:57 IST" skipped="0">
  <testcase classname="Annotations.Testes" name="Search" time="3.875"/>
  <testcase classname="Annotations.Testes" name="Profile" time="4.745"/>
</testsuite> <!-- Annotations.Testes -->
