<?xml version="1.0" encoding="UTF-8"?>
<!-- Generated by org.testng.reporters.JUnitReportReporter -->
<testsuite hostname="DESKTOP-MA84K88" failures="0" tests="2" name="Grouping.LogoutTest" time="0.007" errors="0" timestamp="2025-06-18T22:17:56 IST" skipped="0">
  <testcase classname="Grouping.LogoutTest" name="LogoutByInstgram" time="0.003"/>
  <testcase classname="Grouping.LogoutTest" name="LogoutByFacebook" time="0.004"/>
</testsuite> <!-- Grouping.LogoutTest -->
