<?xml version="1.0" encoding="UTF-8"?>
<!-- Generated by org.testng.reporters.JUnitReportReporter -->
<testsuite hostname="DESKTOP-MA84K88" failures="0" tests="2" name="Annotations.Methods_Classes_01" time="0.023" errors="0" timestamp="2025-06-15T20:41:27 IST" skipped="0">
  <testcase classname="Annotations.Methods_Classes_01" name="Search" time="0.018"/>
  <testcase classname="Annotations.Methods_Classes_01" name="Profile" time="0.005"/>
</testsuite> <!-- Annotations.Methods_Classes_01 -->
