<?xml version="1.0" encoding="UTF-8"?>
<!-- Generated by org.testng.reporters.JUnitReportReporter -->
<testsuite hostname="DESKTOP-MA84K88" failures="0" tests="2" name="Annotations.Methods" time="0.039" errors="0" timestamp="2025-06-15T13:38:06 IST" skipped="0">
  <testcase classname="Annotations.Methods" name="Account" time="0.018"/>
  <testcase classname="Annotations.Methods" name="WhishList" time="0.021"/>
</testsuite> <!-- Annotations.Methods -->
