<?xml version="1.0" encoding="UTF-8"?>
<!-- Generated by org.testng.reporters.JUnitReportReporter -->
<testsuite hostname="DESKTOP-MA84K88" failures="0" tests="2" name="Annotations.Testes_02" time="8.704" errors="0" timestamp="2025-06-15T23:10:41 IST" skipped="0">
  <testcase classname="Annotations.Testes_02" name="Search" time="3.802"/>
  <testcase classname="Annotations.Testes_02" name="Profile" time="4.902"/>
</testsuite> <!-- Annotations.Testes_02 -->
