<?xml version="1.0" encoding="UTF-8"?>
<!-- Generated by org.testng.reporters.JUnitReportReporter -->
<testsuite hostname="DESKTOP-MA84K88" failures="0" tests="2" name="Assertions.HardAndSoftAssertions" time="0.062" errors="0" timestamp="2025-06-18T23:42:52 IST" skipped="0">
  <testcase classname="Assertions.HardAndSoftAssertions" name="HardAssertion" time="0.027"/>
  <testcase classname="Assertions.HardAndSoftAssertions" name="SoftAssertion" time="0.035"/>
</testsuite> <!-- Assertions.HardAndSoftAssertions -->
