<?xml version="1.0" encoding="UTF-8"?>
<!-- Generated by org.testng.reporters.JUnitReportReporter -->
<testsuite hostname="DESKTOP-MA84K88" failures="0" tests="9" name="ParallelExecution.ParallelTesting_01" time="38.197" errors="0" timestamp="2025-07-19T15:38:18 IST" skipped="0">
  <testcase classname="ParallelExecution.ParallelTesting_01" name="Search" time="3.044"/>
  <testcase classname="ParallelExecution.ParallelTesting_01" name="Search" time="3.454"/>
  <testcase classname="ParallelExecution.ParallelTesting_01" name="Search" time="3.186"/>
  <testcase classname="ParallelExecution.ParallelTesting_01" name="Profile" time="4.809"/>
  <testcase classname="ParallelExecution.ParallelTesting_01" name="Profile" time="5.254"/>
  <testcase classname="ParallelExecution.ParallelTesting_01" name="Profile" time="4.806"/>
  <testcase classname="ParallelExecution.ParallelTesting_01" name="Upgrade" time="4.559"/>
  <testcase classname="ParallelExecution.ParallelTesting_01" name="Upgrade" time="4.524"/>
  <testcase classname="ParallelExecution.ParallelTesting_01" name="Upgrade" time="4.561"/>
</testsuite> <!-- ParallelExecution.ParallelTesting_01 -->
