<?xml version="1.0" encoding="UTF-8"?>
<!-- Generated by org.testng.reporters.JUnitReportReporter -->
<testsuite hostname="DESKTOP-MA84K88" failures="0" tests="1" name="In4Suite.Login_01" time="83.042" errors="0" timestamp="2025-06-28T13:18:45 IST" skipped="0">
  <testcase classname="In4Suite.Login_01" name="in4Login" time="83.042"/>
</testsuite> <!-- In4Suite.Login_01 -->
