<?xml version="1.0" encoding="UTF-8"?>
<!-- Generated by org.testng.reporters.JUnitReportReporter -->
<testsuite hostname="DESKTOP-MA84K88" failures="0" tests="2" name="Annotations.AllAnnotations_01" time="0.016" errors="0" timestamp="2025-06-15T23:47:07 IST" skipped="0">
  <testcase classname="Annotations.AllAnnotations_01" name="Search" time="0.014"/>
  <testcase classname="Annotations.AllAnnotations_01" name="Profile" time="0.002"/>
</testsuite> <!-- Annotations.AllAnnotations_01 -->
