<?xml version="1.0" encoding="UTF-8"?>
<!-- Generated by org.testng.reporters.JUnitReportReporter -->
<testsuite hostname="DESKTOP-MA84K88" failures="0" tests="3" name="Grouping.ChatTest" time="0.021" errors="0" timestamp="2025-06-18T22:17:56 IST" skipped="0">
  <testcase classname="Grouping.ChatTest" name="ChatByEmail" time="0.015"/>
  <testcase classname="Grouping.ChatTest" name="ChatByFacebook" time="0.003"/>
  <testcase classname="Grouping.ChatTest" name="ChatByInstgram" time="0.003"/>
</testsuite> <!-- Grouping.ChatTest -->
