<?xml version="1.0" encoding="UTF-8"?>
<!-- Generated by org.testng.reporters.JUnitReportReporter -->
<testsuite hostname="DESKTOP-MA84K88" failures="0" tests="2" name="Annotations.Suits" time="0.015" errors="0" timestamp="2025-06-15T18:47:06 IST" skipped="0">
  <testcase classname="Annotations.Suits" name="WhishList1" time="0.004"/>
  <testcase classname="Annotations.Suits" name="Account1" time="0.011"/>
</testsuite> <!-- Annotations.Suits -->
