<?xml version="1.0" encoding="UTF-8"?>
<!-- Generated by org.testng.reporters.JUnitReportReporter -->
<testsuite hostname="DESKTOP-MA84K88" failures="0" tests="2" name="Annotations.Methods_Classes_02" time="48.473" errors="0" timestamp="2025-06-15T19:38:14 IST" skipped="0">
  <testcase classname="Annotations.Methods_Classes_02" name="Search" time="33.021"/>
  <testcase classname="Annotations.Methods_Classes_02" name="Profile" time="15.452"/>
</testsuite> <!-- Annotations.Methods_Classes_02 -->
