<?xml version="1.0" encoding="UTF-8"?>
<!-- Generated by org.testng.reporters.JUnitReportReporter -->
<testsuite hostname="DESKTOP-MA84K88" failures="0" tests="2" name="Annotations.Methods_Classes_Testes_01" time="0.021" errors="0" timestamp="2025-06-15T23:17:17 IST" skipped="0">
  <testcase classname="Annotations.Methods_Classes_Testes_01" name="Search" time="0.017"/>
  <testcase classname="Annotations.Methods_Classes_Testes_01" name="Profile" time="0.004"/>
</testsuite> <!-- Annotations.Methods_Classes_Testes_01 -->
