<?xml version="1.0" encoding="UTF-8"?>
<!-- Generated by org.testng.reporters.JUnitReportReporter -->
<testsuite hostname="DESKTOP-MA84K88" failures="0" tests="2" name="Annotations.Methods_01" time="0.038" errors="0" timestamp="2025-06-15T20:35:58 IST" skipped="0">
  <testcase classname="Annotations.Methods_01" name="Search" time="0.021"/>
  <testcase classname="Annotations.Methods_01" name="MyInfo" time="0.017"/>
</testsuite> <!-- Annotations.Methods_01 -->
