<?xml version="1.0" encoding="UTF-8"?>
<!-- Generated by org.testng.reporters.JUnitReportReporter -->
<testsuite hostname="DESKTOP-MA84K88" failures="0" tests="2" name="Annotations.Testes_Suits" time="0.004" errors="0" timestamp="2025-06-15T23:47:07 IST" skipped="0">
  <testcase classname="Annotations.Testes_Suits" name="Search" time="0.002"/>
  <testcase classname="Annotations.Testes_Suits" name="Profile" time="0.002"/>
</testsuite> <!-- Annotations.Testes_Suits -->
