<?xml version="1.0" encoding="UTF-8"?>
<!-- Generated by org.testng.reporters.JUnitReportReporter -->
<testsuite hostname="DESKTOP-MA84K88" failures="0" tests="1" name="Assertions.SoftAssertion" time="0.030" errors="0" timestamp="2025-06-18T23:54:30 IST" skipped="0">
  <testcase classname="Assertions.SoftAssertion" name="SoftAssertion" time="0.030"/>
</testsuite> <!-- Assertions.SoftAssertion -->
