<?xml version="1.0" encoding="UTF-8"?>
<!-- Generated by org.testng.reporters.JUnitReportReporter -->
<testsuite hostname="DESKTOP-MA84K88" failures="0" tests="3" name="Grouping.LoginTest" time="0.011" errors="0" timestamp="2025-06-18T22:17:56 IST" skipped="0">
  <testcase classname="Grouping.LoginTest" name="LoginByFacebook" time="0.002"/>
  <testcase classname="Grouping.LoginTest" name="LoginByInstgram" time="0.004"/>
  <testcase classname="Grouping.LoginTest" name="LoginByEmail" time="0.005"/>
</testsuite> <!-- Grouping.LoginTest -->
