<?xml version="1.0" encoding="UTF-8"?>
<!-- Generated by org.testng.reporters.JUnitReportReporter -->
<testsuite hostname="DESKTOP-MA84K88" failures="0" tests="4" name="Annotations.Classes_02" time="17.316" errors="0" timestamp="2025-06-15T23:00:02 IST" skipped="0">
  <testcase classname="Annotations.Classes_02" name="Search" time="3.663"/>
  <testcase classname="Annotations.Classes_02" name="Search" time="3.934"/>
  <testcase classname="Annotations.Classes_02" name="Profile" time="4.826"/>
  <testcase classname="Annotations.Classes_02" name="Profile" time="4.893"/>
</testsuite> <!-- Annotations.Classes_02 -->
