<?xml version="1.0" encoding="UTF-8"?>
<!-- Generated by org.testng.reporters.JUnitReportReporter -->
<testsuite hostname="DESKTOP-MA84K88" failures="0" tests="2" name="Annotations.Methods_Classes_Testes_02" time="30.787" errors="0" timestamp="2025-06-15T23:17:17 IST" skipped="0">
  <testcase classname="Annotations.Methods_Classes_Testes_02" name="Search" time="15.271"/>
  <testcase classname="Annotations.Methods_Classes_Testes_02" name="Profile" time="15.516"/>
</testsuite> <!-- Annotations.Methods_Classes_Testes_02 -->
