<?xml version="1.0" encoding="UTF-8"?>
<!-- Generated by org.testng.reporters.JUnitReportReporter -->
<testsuite hostname="DESKTOP-MA84K88" failures="0" tests="2" name="POM.TestCaseExecution" time="14.153" errors="0" timestamp="2025-06-20T23:22:06 IST" skipped="0">
  <testcase classname="POM.TestCaseExecution" name="TearDown" time="0.408"/>
  <testcase classname="POM.TestCaseExecution" name="MainTest" time="13.745"/>
</testsuite> <!-- POM.TestCaseExecution -->
