<?xml version="1.0" encoding="UTF-8"?>
<!-- Generated by org.testng.reporters.JUnitReportReporter -->
<testsuite hostname="DESKTOP-MA84K88" failures="0" tests="4" name="Annotations.Classes_01" time="0.025" errors="0" timestamp="2025-06-15T23:00:02 IST" skipped="0">
  <testcase classname="Annotations.Classes_01" name="Search" time="0.003"/>
  <testcase classname="Annotations.Classes_01" name="Search" time="0.014"/>
  <testcase classname="Annotations.Classes_01" name="Profile" time="0.004"/>
  <testcase classname="Annotations.Classes_01" name="Profile" time="0.004"/>
</testsuite> <!-- Annotations.Classes_01 -->
