<?xml version="1.0" encoding="UTF-8"?>
<!-- Generated by org.testng.reporters.JUnitReportReporter -->
<testsuite hostname="DESKTOP-MA84K88" failures="0" tests="2" name="Annotations.Suits_01" time="0.019" errors="0" timestamp="2025-06-15T22:27:11 IST" skipped="0">
  <testcase classname="Annotations.Suits_01" name="Search" time="0.015"/>
  <testcase classname="Annotations.Suits_01" name="Profile" time="0.004"/>
</testsuite> <!-- Annotations.Suits_01 -->
