<?xml version="1.0" encoding="UTF-8"?>
<!-- Generated by org.testng.reporters.JUnitReportReporter -->
<testsuite hostname="DESKTOP-MA84K88" failures="0" tests="3" name="Grouping.GroupingTesting" time="13.745" errors="0" timestamp="2025-06-21T10:22:54 IST" skipped="0">
  <testcase classname="Grouping.GroupingTesting" name="Search" time="4.156"/>
  <testcase classname="Grouping.GroupingTesting" name="Profile" time="5.021"/>
  <testcase classname="Grouping.GroupingTesting" name="Upgrade" time="4.568"/>
</testsuite> <!-- Grouping.GroupingTesting -->
