<?xml version="1.0" encoding="UTF-8"?>
<!-- Generated by org.testng.reporters.JUnitReportReporter -->
<testsuite hostname="DESKTOP-MA84K88" failures="0" tests="2" name="Annotations.Methods_02" time="39.277" errors="0" timestamp="2025-06-15T15:20:11 IST" skipped="0">
  <testcase classname="Annotations.Methods_02" name="Search" time="21.626"/>
  <testcase classname="Annotations.Methods_02" name="MyInfo" time="17.651"/>
</testsuite> <!-- Annotations.Methods_02 -->
