<?xml version="1.0" encoding="UTF-8"?>
<!-- Generated by org.testng.reporters.JUnitReportReporter -->
<testsuite hostname="DESKTOP-MA84K88" failures="0" tests="2" name="Annotations.AllAnnotations_02" time="49.262" errors="0" timestamp="2025-06-15T23:47:07 IST" skipped="0">
  <testcase classname="Annotations.AllAnnotations_02" name="Search" time="14.608"/>
  <testcase classname="Annotations.AllAnnotations_02" name="Profile" time="34.654"/>
</testsuite> <!-- Annotations.AllAnnotations_02 -->
