<?xml version="1.0" encoding="UTF-8"?>
<!-- Generated by org.testng.reporters.JUnitReportReporter -->
<testsuite hostname="DESKTOP-MA84K88" failures="0" tests="2" name="Annotations.combination" time="0.015" errors="0" timestamp="2025-06-15T14:14:24 IST" skipped="0">
  <testcase classname="Annotations.combination" name="Search" time="0.012"/>
  <testcase classname="Annotations.combination" name="MyInfo" time="0.003"/>
</testsuite> <!-- Annotations.combination -->
