<?xml version="1.0" encoding="UTF-8"?>
<!-- Generated by org.testng.reporters.JUnitReportReporter -->
<testsuite hostname="DESKTOP-MA84K88" failures="0" tests="2" name="Annotations.Testes_03" time="0.010" errors="0" timestamp="2025-06-15T23:10:41 IST" skipped="0">
  <testcase classname="Annotations.Testes_03" name="Search_01" time="0.004"/>
  <testcase classname="Annotations.Testes_03" name="Profile_01" time="0.006"/>
</testsuite> <!-- Annotations.Testes_03 -->
