<?xml version="1.0" encoding="UTF-8"?>
<!-- Generated by org.testng.reporters.JUnitReportReporter -->
<testsuite hostname="DESKTOP-MA84K88" failures="0" tests="1" name="Assertions.Assertaion_01" time="0.018" errors="0" timestamp="2025-06-18T23:11:42 IST" skipped="0">
  <testcase classname="Assertions.Assertaion_01" name="AssertMethod" time="0.018"/>
</testsuite> <!-- Assertions.Assertaion_01 -->
