<?xml version="1.0" encoding="UTF-8"?>
<!-- Generated by org.testng.reporters.JUnitReportReporter -->
<testsuite hostname="DESKTOP-MA84K88" failures="0" tests="4" name="TestNG.TestCase" time="33.253" errors="0" timestamp="2025-06-15T12:00:43 IST" skipped="0">
  <testcase classname="TestNG.TestCase" name="Launching" time="20.424"/>
  <testcase classname="TestNG.TestCase" name="Login" time="4.791"/>
  <testcase classname="TestNG.TestCase" name="Logo" time="1.999"/>
  <testcase classname="TestNG.TestCase" name="Logout" time="6.039"/>
</testsuite> <!-- TestNG.TestCase -->
